
> react-typescript-starter@0.1.0 test
> react-scripts test

Browserslist: caniuse-lite is outdated. Please run:
  npx browserslist@latest --update-db
  Why you should do it regularly: https://github.com/browserslist/browserslist#browsers-data-updating
PASS src/nested.test.ts
PASS src/arrays.test.ts
PASS src/objects.test.ts
PASS src/components/StartAttempt.test.tsx
PASS src/components/TwoDice.test.tsx
PASS src/functions.test.ts
PASS src/components/ChangeType.test.tsx
PASS src/components/CycleHoliday.test.tsx
PASS src/components/Counter.test.tsx
PASS src/components/RevealAnswer.test.tsx
PASS src/App.test.tsx
-------------------|---------|----------|---------|---------|-------------------
File               | % Stmts | % Branch | % Funcs | % Lines | Uncovered Line #s 
-------------------|---------|----------|---------|---------|-------------------
All files          |   96.69 |    98.86 |   98.95 |   96.56 |                   
 src               |   97.51 |    98.48 |   98.59 |   97.38 |                   
  App.tsx          |      50 |      100 |      50 |      50 | 25                
  arrays.ts        |     100 |    96.77 |     100 |     100 | 12                
  functions.ts     |     100 |      100 |     100 |     100 |                   
  nested.ts        |   95.58 |      100 |     100 |   95.52 | 156,168,268       
  objects.ts       |     100 |      100 |     100 |     100 |                   
 src/components    |   94.11 |      100 |     100 |   94.11 |                   
  ChangeType.tsx   |      80 |      100 |     100 |      80 | 30                
  Counter.tsx      |     100 |      100 |     100 |     100 |                   
  CycleHoliday.tsx |     100 |      100 |     100 |     100 |                   
  RevealAnswer.tsx |     100 |      100 |     100 |     100 |                   
  StartAttempt.tsx |   88.88 |      100 |     100 |   88.88 | 50                
  TwoDice.tsx      |   88.88 |      100 |     100 |   88.88 | 40                
 src/interfaces    |       0 |        0 |       0 |       0 |                   
  answer.ts        |       0 |        0 |       0 |       0 |                   
  question.ts      |       0 |        0 |       0 |       0 |                   
-------------------|---------|----------|---------|---------|-------------------

Test Suites: 11 passed, 11 total
Tests:       93 passed, 93 total
Snapshots:   0 total
Time:        7.855 s
Ran all test suites.
